<?xml version="1.0" encoding="UTF-8"?>
<testng-results skipped="0" failed="0" ignored="0" total="1" passed="1">
  <reporter-output>
  </reporter-output>
  <suite name="Default suite" duration-ms="11879" started-at="2020-04-25T13:05:14Z" finished-at="2020-04-25T13:05:26Z">
    <groups>
    </groups>
    <test name="Default test" duration-ms="11879" started-at="2020-04-25T13:05:14Z" finished-at="2020-04-25T13:05:26Z">
      <class name="com.Screenshot.Bing_Screenshot">
        <test-method status="PASS" signature="setUp()[pri:0, instance:com.Screenshot.Bing_Screenshot@8bd1b6a]" name="setUp" is-config="true" duration-ms="7289" started-at="2020-04-25T13:05:14Z" finished-at="2020-04-25T13:05:21Z">
          <reporter-output>
          </reporter-output>
        </test-method> <!-- setUp -->
        <test-method status="PASS" signature="captureScreenshot()[pri:0, instance:com.Screenshot.Bing_Screenshot@8bd1b6a]" name="captureScreenshot" duration-ms="3534" started-at="2020-04-25T13:05:21Z" finished-at="2020-04-25T13:05:25Z">
          <reporter-output>
          </reporter-output>
        </test-method> <!-- captureScreenshot -->
        <test-method status="PASS" signature="tearDown()[pri:0, instance:com.Screenshot.Bing_Screenshot@8bd1b6a]" name="tearDown" is-config="true" duration-ms="1021" started-at="2020-04-25T13:05:25Z" finished-at="2020-04-25T13:05:26Z">
          <reporter-output>
          </reporter-output>
        </test-method> <!-- tearDown -->
      </class> <!-- com.Screenshot.Bing_Screenshot -->
    </test> <!-- Default test -->
  </suite> <!-- Default suite -->
</testng-results>
